<?xml version="1.0" encoding="UTF-8"?>
<testsuite name="com.example.DemoApplicationTests" time="0.001" tests="1" errors="1" skipped="0" failures="0">
  <properties>
[...]
</properties>
  <testcase name="initializationError" classname="com.example.DemoApplicationTests" time="0.001">
    <error message="Unable to find a @SpringBootConfiguration, you need to use @ContextConfiguration or @SpringBootTest(classes=...) with your test" type="java.lang.IllegalStateException"><![CDATA[java.lang.IllegalStateException: Unable to find a @SpringBootConfiguration, you need to use @ContextConfiguration or @SpringBootTest(classes=...) with your test
	at org.springframework.util.Assert.state(Assert.java:392)
	at org.springframework.boot.test.context.SpringBootTestContextBootstrapper.getOrFindConfigurationClasses(SpringBootTestContextBootstrapper.java:156)
	at org.springframework.boot.test.context.SpringBootTestContextBootstrapper.processMergedContextConfiguration(SpringBootTestContextBootstrapper.java:116)
	at org.springframework.test.context.support.AbstractTestContextBootstrapper.buildMergedContextConfiguration(AbstractTestContextBootstrapper.java:409)
	at org.springframework.test.context.support.AbstractTestContextBootstrapper.buildDefaultMergedContextConfiguration(AbstractTestContextBootstrapper.java:323)
	at org.springframework.test.context.support.AbstractTestContextBootstrapper.buildMergedContextConfiguration(AbstractTestContextBootstrapper.java:277)
	at org.springframework.test.context.support.AbstractTestContextBootstrapper.buildTestContext(AbstractTestContextBootstrapper.java:112)
	at org.springframework.boot.test.context.SpringBootTestContextBootstrapper.buildTestContext(SpringBootTestContextBootstrapper.java:74)
	at org.springframework.test.context.TestContextManager.<init>(TestContextManager.java:120)
	at org.springframework.test.context.TestContextManager.<init>(TestContextManager.java:105)
	at org.springframework.test.context.junit4.SpringJUnit4ClassRunner.createTestContextManager(SpringJUnit4ClassRunner.java:152)
	at org.springframework.test.context.junit4.SpringJUnit4ClassRunner.<init>(SpringJUnit4ClassRunner.java:143)
	at org.springframework.test.context.junit4.SpringRunner.<init>(SpringRunner.java:49)
	at sun.reflect.NativeConstructorAccessorImpl.newInstance0(Native Method)
	at sun.reflect.NativeConstructorAccessorImpl.newInstance(NativeConstructorAccessorImpl.java:62)
	at sun.reflect.DelegatingConstructorAccessorImpl.newInstance(DelegatingConstructorAccessorImpl.java:45)
	at java.lang.reflect.Constructor.newInstance(Constructor.java:423)
	at org.junit.internal.builders.AnnotatedBuilder.buildRunner(AnnotatedBuilder.java:104)
	at org.junit.internal.builders.AnnotatedBuilder.runnerForClass(AnnotatedBuilder.java:86)
	at org.junit.runners.model.RunnerBuilder.safeRunnerForClass(RunnerBuilder.java:59)
	at org.junit.internal.builders.AllDefaultPossibilitiesBuilder.runnerForClass(AllDefaultPossibilitiesBuilder.java:26)
	at org.junit.runners.model.RunnerBuilder.safeRunnerForClass(RunnerBuilder.java:59)
	at org.junit.internal.requests.ClassRequest.getRunner(ClassRequest.java:33)
	at org.apache.maven.surefire.junit4.JUnit4Provider.execute(JUnit4Provider.java:283)
	at org.apache.maven.surefire.junit4.JUnit4Provider.executeWithRerun(JUnit4Provider.java:173)
	at org.apache.maven.surefire.junit4.JUnit4Provider.executeTestSet(JUnit4Provider.java:153)
	at org.apache.maven.surefire.junit4.JUnit4Provider.invoke(JUnit4Provider.java:128)
	at org.apache.maven.surefire.booter.ForkedBooter.invokeProviderInSameClassLoader(ForkedBooter.java:203)
	at org.apache.maven.surefire.booter.ForkedBooter.runSuitesInProcess(ForkedBooter.java:155)
	at org.apache.maven.surefire.booter.ForkedBooter.main(ForkedBooter.java:103)
]]></error>
    <system-out><![CDATA[14:39:42.573 [main] DEBUG org.springframework.test.context.junit4.SpringJUnit4ClassRunner - SpringJUnit4ClassRunner constructor called with [class com.example.DemoApplicationTests]
14:39:42.581 [main] DEBUG org.springframework.test.context.BootstrapUtils - Instantiating CacheAwareContextLoaderDelegate from class [org.springframework.test.context.cache.DefaultCacheAwareContextLoaderDelegate]
14:39:42.595 [main] DEBUG org.springframework.test.context.BootstrapUtils - Instantiating BootstrapContext using constructor [public org.springframework.test.context.support.DefaultBootstrapContext(java.lang.Class,org.springframework.test.context.CacheAwareContextLoaderDelegate)]
14:39:42.633 [main] DEBUG org.springframework.test.context.BootstrapUtils - Instantiating TestContextBootstrapper for test class [com.example.DemoApplicationTests] from class [org.springframework.boot.test.context.SpringBootTestContextBootstrapper]
14:39:42.650 [main] INFO org.springframework.boot.test.context.SpringBootTestContextBootstrapper - Neither @ContextConfiguration nor @ContextHierarchy found for test class [com.example.DemoApplicationTests], using SpringBootContextLoader
14:39:42.656 [main] DEBUG org.springframework.test.context.support.AbstractContextLoader - Did not detect default resource location for test class [com.example.DemoApplicationTests]: class path resource [com/example/DemoApplicationTests-context.xml] does not exist
14:39:42.656 [main] DEBUG org.springframework.test.context.support.AbstractContextLoader - Did not detect default resource location for test class [com.example.DemoApplicationTests]: class path resource [com/example/DemoApplicationTestsContext.groovy] does not exist
14:39:42.656 [main] INFO org.springframework.test.context.support.AbstractContextLoader - Could not detect default resource locations for test class [com.example.DemoApplicationTests]: no resource found for suffixes {-context.xml, Context.groovy}.
14:39:42.657 [main] INFO org.springframework.test.context.support.AnnotationConfigContextLoaderUtils - Could not detect default configuration classes for test class [com.example.DemoApplicationTests]: DemoApplicationTests does not declare any static, non-private, non-final, nested classes annotated with @Configuration.
14:39:42.810 [main] DEBUG org.springframework.test.context.support.ActiveProfilesUtils - Could not find an 'annotation declaring class' for annotation type [org.springframework.test.context.ActiveProfiles] and class [com.example.DemoApplicationTests]
14:39:42.886 [main] DEBUG org.springframework.core.env.StandardEnvironment - Adding [systemProperties] PropertySource with lowest search precedence
14:39:42.886 [main] DEBUG org.springframework.core.env.StandardEnvironment - Adding [systemEnvironment] PropertySource with lowest search precedence
14:39:42.887 [main] DEBUG org.springframework.core.env.StandardEnvironment - Initialized StandardEnvironment with PropertySources [systemProperties,systemEnvironment]
14:39:42.905 [main] DEBUG org.springframework.core.io.support.PathMatchingResourcePatternResolver - Resolved classpath location [com/example/] to resources [URL [file:/C:/Users/surabhi_natu/Desktop/MSWS/Product_register/target/test-classes/com/example/]]
14:39:42.905 [main] DEBUG org.springframework.core.io.support.PathMatchingResourcePatternResolver - Looking for matching resources in directory tree [C:\Users\surabhi_natu\Desktop\MSWS\Product_register\target\test-classes\com\example]
14:39:42.905 [main] DEBUG org.springframework.core.io.support.PathMatchingResourcePatternResolver - Searching directory [C:\Users\surabhi_natu\Desktop\MSWS\Product_register\target\test-classes\com\example] for files matching pattern [C:/Users/surabhi_natu/Desktop/MSWS/Product_register/target/test-classes/com/example/*.class]
14:39:42.908 [main] DEBUG org.springframework.core.io.support.PathMatchingResourcePatternResolver - Resolved location pattern [classpath*:com/example/*.class] to resources [file [C:\Users\surabhi_natu\Desktop\MSWS\Product_register\target\test-classes\com\example\DemoApplicationTests.class]]
14:39:42.935 [main] DEBUG org.springframework.core.io.support.PathMatchingResourcePatternResolver - Resolved classpath location [com/] to resources [URL [file:/C:/Users/surabhi_natu/Desktop/MSWS/Product_register/target/test-classes/com/], URL [jar:file:/C:/Users/surabhi_natu/.m2/repository/com/netflix/eureka/eureka-client/1.4.10/eureka-client-1.4.10.jar!/com/], URL [jar:file:/C:/Users/surabhi_natu/.m2/repository/com/netflix/netflix-commons/netflix-eventbus/0.3.0/netflix-eventbus-0.3.0.jar!/com/], URL [jar:file:/C:/Users/surabhi_natu/.m2/repository/com/netflix/archaius/archaius-core/0.7.4/archaius-core-0.7.4.jar!/com/], URL [jar:file:/C:/Users/surabhi_natu/.m2/repository/com/netflix/servo/servo-core/0.10.1/servo-core-0.10.1.jar!/com/], URL [jar:file:/C:/Users/surabhi_natu/.m2/repository/com/netflix/servo/servo-internal/0.10.1/servo-internal-0.10.1.jar!/com/], URL [jar:file:/C:/Users/surabhi_natu/.m2/repository/com/sun/jersey/jersey-client/1.19.1/jersey-client-1.19.1.jar!/com/], URL [jar:file:/C:/Users/surabhi_natu/.m2/repository/com/sun/jersey/contribs/jersey-apache-client4/1.19.1/jersey-apache-client4-1.19.1.jar!/com/], URL [jar:file:/C:/Users/surabhi_natu/.m2/repository/com/google/inject/guice/4.0/guice-4.0.jar!/com/], URL [jar:file:/C:/Users/surabhi_natu/.m2/repository/com/netflix/governator/governator-api/1.12.10/governator-api-1.12.10.jar!/com/], URL [jar:file:/C:/Users/surabhi_natu/.m2/repository/com/fasterxml/jackson/core/jackson-annotations/2.8.1/jackson-annotations-2.8.1.jar!/com/], URL [jar:file:/C:/Users/surabhi_natu/.m2/repository/com/fasterxml/jackson/core/jackson-core/2.8.1/jackson-core-2.8.1.jar!/com/], URL [jar:file:/C:/Users/surabhi_natu/.m2/repository/com/netflix/eureka/eureka-core/1.4.10/eureka-core-1.4.10.jar!/com/], URL [jar:file:/C:/Users/surabhi_natu/.m2/repository/com/amazonaws/aws-java-sdk-core/1.11.18/aws-java-sdk-core-1.11.18.jar!/com/], URL [jar:file:/C:/Users/surabhi_natu/.m2/repository/com/fasterxml/jackson/dataformat/jackson-dataformat-cbor/2.8.1/jackson-dataformat-cbor-2.8.1.jar!/com/], URL [jar:file:/C:/Users/surabhi_natu/.m2/repository/com/amazonaws/aws-java-sdk-ec2/1.11.18/aws-java-sdk-ec2-1.11.18.jar!/com/], URL [jar:file:/C:/Users/surabhi_natu/.m2/repository/com/amazonaws/aws-java-sdk-autoscaling/1.11.18/aws-java-sdk-autoscaling-1.11.18.jar!/com/], URL [jar:file:/C:/Users/surabhi_natu/.m2/repository/com/amazonaws/aws-java-sdk-sts/1.11.18/aws-java-sdk-sts-1.11.18.jar!/com/], URL [jar:file:/C:/Users/surabhi_natu/.m2/repository/com/amazonaws/aws-java-sdk-route53/1.11.18/aws-java-sdk-route53-1.11.18.jar!/com/], URL [jar:file:/C:/Users/surabhi_natu/.m2/repository/com/netflix/governator/governator/1.12.10/governator-1.12.10.jar!/com/], URL [jar:file:/C:/Users/surabhi_natu/.m2/repository/com/netflix/governator/governator-core/1.12.10/governator-core-1.12.10.jar!/com/], URL [jar:file:/C:/Users/surabhi_natu/.m2/repository/org/codehaus/woodstox/woodstox-core-asl/4.4.1/woodstox-core-asl-4.4.1.jar!/com/], URL [jar:file:/C:/Users/surabhi_natu/.m2/repository/com/google/guava/guava/18.0/guava-18.0.jar!/com/], URL [jar:file:/C:/Users/surabhi_natu/.m2/repository/com/netflix/ribbon/ribbon/2.2.0/ribbon-2.2.0.jar!/com/], URL [jar:file:/C:/Users/surabhi_natu/.m2/repository/com/netflix/ribbon/ribbon-transport/2.2.0/ribbon-transport-2.2.0.jar!/com/], URL [jar:file:/C:/Users/surabhi_natu/.m2/repository/io/reactivex/rxnetty-contexts/0.4.9/rxnetty-contexts-0.4.9.jar!/com/], URL [jar:file:/C:/Users/surabhi_natu/.m2/repository/com/netflix/ribbon/ribbon-core/2.2.0/ribbon-core-2.2.0.jar!/com/], URL [jar:file:/C:/Users/surabhi_natu/.m2/repository/com/netflix/ribbon/ribbon-httpclient/2.2.0/ribbon-httpclient-2.2.0.jar!/com/], URL [jar:file:/C:/Users/surabhi_natu/.m2/repository/com/netflix/ribbon/ribbon-loadbalancer/2.2.0/ribbon-loadbalancer-2.2.0.jar!/com/], URL [jar:file:/C:/Users/surabhi_natu/.m2/repository/com/netflix/netflix-commons/netflix-statistics/0.1.1/netflix-statistics-0.1.1.jar!/com/], URL [jar:file:/C:/Users/surabhi_natu/.m2/repository/com/netflix/ribbon/ribbon-eureka/2.2.0/ribbon-eureka-2.2.0.jar!/com/], URL [jar:file:/C:/Users/surabhi_natu/.m2/repository/com/thoughtworks/xstream/xstream/1.4.2/xstream-1.4.2.jar!/com/], URL [jar:file:/C:/Users/surabhi_natu/.m2/repository/com/netflix/hystrix/hystrix-core/1.5.3/hystrix-core-1.5.3.jar!/com/], URL [jar:file:/C:/Users/surabhi_natu/.m2/repository/com/netflix/hystrix/hystrix-metrics-event-stream/1.5.3/hystrix-metrics-event-stream-1.5.3.jar!/com/], URL [jar:file:/C:/Users/surabhi_natu/.m2/repository/com/netflix/hystrix/hystrix-javanica/1.5.3/hystrix-javanica-1.5.3.jar!/com/], URL [jar:file:/C:/Users/surabhi_natu/.m2/repository/com/netflix/zuul/zuul-core/1.1.0/zuul-core-1.1.0.jar!/com/], URL [jar:file:/C:/Users/surabhi_natu/.m2/repository/com/netflix/netflix-commons/netflix-commons-util/0.1.1/netflix-commons-util-0.1.1.jar!/com/], URL [jar:file:/C:/Users/surabhi_natu/.m2/repository/com/fasterxml/classmate/1.3.1/classmate-1.3.1.jar!/com/], URL [jar:file:/C:/Users/surabhi_natu/.m2/repository/com/fasterxml/jackson/core/jackson-databind/2.8.1/jackson-databind-2.8.1.jar!/com/], URL [jar:file:/C:/Users/surabhi_natu/.m2/repository/com/jayway/jsonpath/json-path/2.2.0/json-path-2.2.0.jar!/com/], URL [jar:file:/C:/Users/surabhi_natu/.m2/repository/com/sun/jersey/jersey-bundle/1.19/jersey-bundle-1.19.jar!/com/], URL [jar:file:/C:/Users/surabhi_natu/.m2/repository/com/sun/jersey/jersey-server/1.19/jersey-server-1.19.jar!/com/], URL [jar:file:/C:/Users/surabhi_natu/.m2/repository/com/sun/jersey/jersey-core/1.19/jersey-core-1.19.jar!/com/]]
14:39:42.936 [main] DEBUG org.springframework.core.io.support.PathMatchingResourcePatternResolver - Looking for matching resources in directory tree [C:\Users\surabhi_natu\Desktop\MSWS\Product_register\target\test-classes\com]
14:39:42.937 [main] DEBUG org.springframework.core.io.support.PathMatchingResourcePatternResolver - Searching directory [C:\Users\surabhi_natu\Desktop\MSWS\Product_register\target\test-classes\com] for files matching pattern [C:/Users/surabhi_natu/Desktop/MSWS/Product_register/target/test-classes/com/*.class]
14:39:42.938 [main] DEBUG org.springframework.core.io.support.PathMatchingResourcePatternResolver - Looking for matching resources in jar file [file:/C:/Users/surabhi_natu/.m2/repository/com/netflix/eureka/eureka-client/1.4.10/eureka-client-1.4.10.jar]
14:39:42.948 [main] DEBUG org.springframework.core.io.support.PathMatchingResourcePatternResolver - Looking for matching resources in jar file [file:/C:/Users/surabhi_natu/.m2/repository/com/netflix/netflix-commons/netflix-eventbus/0.3.0/netflix-eventbus-0.3.0.jar]
14:39:42.949 [main] DEBUG org.springframework.core.io.support.PathMatchingResourcePatternResolver - Looking for matching resources in jar file [file:/C:/Users/surabhi_natu/.m2/repository/com/netflix/archaius/archaius-core/0.7.4/archaius-core-0.7.4.jar]
14:39:42.951 [main] DEBUG org.springframework.core.io.support.PathMatchingResourcePatternResolver - Looking for matching resources in jar file [file:/C:/Users/surabhi_natu/.m2/repository/com/netflix/servo/servo-core/0.10.1/servo-core-0.10.1.jar]
14:39:42.957 [main] DEBUG org.springframework.core.io.support.PathMatchingResourcePatternResolver - Looking for matching resources in jar file [file:/C:/Users/surabhi_natu/.m2/repository/com/netflix/servo/servo-internal/0.10.1/servo-internal-0.10.1.jar]
14:39:42.962 [main] DEBUG org.springframework.core.io.support.PathMatchingResourcePatternResolver - Looking for matching resources in jar file [file:/C:/Users/surabhi_natu/.m2/repository/com/sun/jersey/jersey-client/1.19.1/jersey-client-1.19.1.jar]
14:39:42.962 [main] DEBUG org.springframework.core.io.support.PathMatchingResourcePatternResolver - Looking for matching resources in jar file [file:/C:/Users/surabhi_natu/.m2/repository/com/sun/jersey/contribs/jersey-apache-client4/1.19.1/jersey-apache-client4-1.19.1.jar]
14:39:42.968 [main] DEBUG org.springframework.core.io.support.PathMatchingResourcePatternResolver - Looking for matching resources in jar file [file:/C:/Users/surabhi_natu/.m2/repository/com/google/inject/guice/4.0/guice-4.0.jar]
14:39:42.971 [main] DEBUG org.springframework.core.io.support.PathMatchingResourcePatternResolver - Looking for matching resources in jar file [file:/C:/Users/surabhi_natu/.m2/repository/com/netflix/governator/governator-api/1.12.10/governator-api-1.12.10.jar]
14:39:42.972 [main] DEBUG org.springframework.core.io.support.PathMatchingResourcePatternResolver - Looking for matching resources in jar file [file:/C:/Users/surabhi_natu/.m2/repository/com/fasterxml/jackson/core/jackson-annotations/2.8.1/jackson-annotations-2.8.1.jar]
14:39:42.972 [main] DEBUG org.springframework.core.io.support.PathMatchingResourcePatternResolver - Looking for matching resources in jar file [file:/C:/Users/surabhi_natu/.m2/repository/com/fasterxml/jackson/core/jackson-core/2.8.1/jackson-core-2.8.1.jar]
14:39:42.973 [main] DEBUG org.springframework.core.io.support.PathMatchingResourcePatternResolver - Looking for matching resources in jar file [file:/C:/Users/surabhi_natu/.m2/repository/com/netflix/eureka/eureka-core/1.4.10/eureka-core-1.4.10.jar]
14:39:42.973 [main] DEBUG org.springframework.core.io.support.PathMatchingResourcePatternResolver - Looking for matching resources in jar file [file:/C:/Users/surabhi_natu/.m2/repository/com/amazonaws/aws-java-sdk-core/1.11.18/aws-java-sdk-core-1.11.18.jar]
14:39:42.976 [main] DEBUG org.springframework.core.io.support.PathMatchingResourcePatternResolver - Looking for matching resources in jar file [file:/C:/Users/surabhi_natu/.m2/repository/com/fasterxml/jackson/dataformat/jackson-dataformat-cbor/2.8.1/jackson-dataformat-cbor-2.8.1.jar]
14:39:42.976 [main] DEBUG org.springframework.core.io.support.PathMatchingResourcePatternResolver - Looking for matching resources in jar file [file:/C:/Users/surabhi_natu/.m2/repository/com/amazonaws/aws-java-sdk-ec2/1.11.18/aws-java-sdk-ec2-1.11.18.jar]
14:39:42.980 [main] DEBUG org.springframework.core.io.support.PathMatchingResourcePatternResolver - Looking for matching resources in jar file [file:/C:/Users/surabhi_natu/.m2/repository/com/amazonaws/aws-java-sdk-autoscaling/1.11.18/aws-java-sdk-autoscaling-1.11.18.jar]
14:39:42.982 [main] DEBUG org.springframework.core.io.support.PathMatchingResourcePatternResolver - Looking for matching resources in jar file [file:/C:/Users/surabhi_natu/.m2/repository/com/amazonaws/aws-java-sdk-sts/1.11.18/aws-java-sdk-sts-1.11.18.jar]
14:39:42.983 [main] DEBUG org.springframework.core.io.support.PathMatchingResourcePatternResolver - Looking for matching resources in jar file [file:/C:/Users/surabhi_natu/.m2/repository/com/amazonaws/aws-java-sdk-route53/1.11.18/aws-java-sdk-route53-1.11.18.jar]
14:39:42.985 [main] DEBUG org.springframework.core.io.support.PathMatchingResourcePatternResolver - Looking for matching resources in jar file [file:/C:/Users/surabhi_natu/.m2/repository/com/netflix/governator/governator/1.12.10/governator-1.12.10.jar]
14:39:42.986 [main] DEBUG org.springframework.core.io.support.PathMatchingResourcePatternResolver - Looking for matching resources in jar file [file:/C:/Users/surabhi_natu/.m2/repository/com/netflix/governator/governator-core/1.12.10/governator-core-1.12.10.jar]
14:39:42.986 [main] DEBUG org.springframework.core.io.support.PathMatchingResourcePatternResolver - Looking for matching resources in jar file [file:/C:/Users/surabhi_natu/.m2/repository/org/codehaus/woodstox/woodstox-core-asl/4.4.1/woodstox-core-asl-4.4.1.jar]
14:39:42.987 [main] DEBUG org.springframework.core.io.support.PathMatchingResourcePatternResolver - Looking for matching resources in jar file [file:/C:/Users/surabhi_natu/.m2/repository/com/google/guava/guava/18.0/guava-18.0.jar]
14:39:42.993 [main] DEBUG org.springframework.core.io.support.PathMatchingResourcePatternResolver - Looking for matching resources in jar file [file:/C:/Users/surabhi_natu/.m2/repository/com/netflix/ribbon/ribbon/2.2.0/ribbon-2.2.0.jar]
14:39:42.993 [main] DEBUG org.springframework.core.io.support.PathMatchingResourcePatternResolver - Looking for matching resources in jar file [file:/C:/Users/surabhi_natu/.m2/repository/com/netflix/ribbon/ribbon-transport/2.2.0/ribbon-transport-2.2.0.jar]
14:39:42.994 [main] DEBUG org.springframework.core.io.support.PathMatchingResourcePatternResolver - Looking for matching resources in jar file [file:/C:/Users/surabhi_natu/.m2/repository/io/reactivex/rxnetty-contexts/0.4.9/rxnetty-contexts-0.4.9.jar]
14:39:42.994 [main] DEBUG org.springframework.core.io.support.PathMatchingResourcePatternResolver - Looking for matching resources in jar file [file:/C:/Users/surabhi_natu/.m2/repository/com/netflix/ribbon/ribbon-core/2.2.0/ribbon-core-2.2.0.jar]
14:39:42.996 [main] DEBUG org.springframework.core.io.support.PathMatchingResourcePatternResolver - Looking for matching resources in jar file [file:/C:/Users/surabhi_natu/.m2/repository/com/netflix/ribbon/ribbon-httpclient/2.2.0/ribbon-httpclient-2.2.0.jar]
14:39:42.997 [main] DEBUG org.springframework.core.io.support.PathMatchingResourcePatternResolver - Looking for matching resources in jar file [file:/C:/Users/surabhi_natu/.m2/repository/com/netflix/ribbon/ribbon-loadbalancer/2.2.0/ribbon-loadbalancer-2.2.0.jar]
14:39:42.997 [main] DEBUG org.springframework.core.io.support.PathMatchingResourcePatternResolver - Looking for matching resources in jar file [file:/C:/Users/surabhi_natu/.m2/repository/com/netflix/netflix-commons/netflix-statistics/0.1.1/netflix-statistics-0.1.1.jar]
14:39:42.997 [main] DEBUG org.springframework.core.io.support.PathMatchingResourcePatternResolver - Looking for matching resources in jar file [file:/C:/Users/surabhi_natu/.m2/repository/com/netflix/ribbon/ribbon-eureka/2.2.0/ribbon-eureka-2.2.0.jar]
14:39:42.998 [main] DEBUG org.springframework.core.io.support.PathMatchingResourcePatternResolver - Looking for matching resources in jar file [file:/C:/Users/surabhi_natu/.m2/repository/com/thoughtworks/xstream/xstream/1.4.2/xstream-1.4.2.jar]
14:39:42.999 [main] DEBUG org.springframework.core.io.support.PathMatchingResourcePatternResolver - Looking for matching resources in jar file [file:/C:/Users/surabhi_natu/.m2/repository/com/netflix/hystrix/hystrix-core/1.5.3/hystrix-core-1.5.3.jar]
14:39:43.001 [main] DEBUG org.springframework.core.io.support.PathMatchingResourcePatternResolver - Looking for matching resources in jar file [file:/C:/Users/surabhi_natu/.m2/repository/com/netflix/hystrix/hystrix-metrics-event-stream/1.5.3/hystrix-metrics-event-stream-1.5.3.jar]
14:39:43.001 [main] DEBUG org.springframework.core.io.support.PathMatchingResourcePatternResolver - Looking for matching resources in jar file [file:/C:/Users/surabhi_natu/.m2/repository/com/netflix/hystrix/hystrix-javanica/1.5.3/hystrix-javanica-1.5.3.jar]
14:39:43.002 [main] DEBUG org.springframework.core.io.support.PathMatchingResourcePatternResolver - Looking for matching resources in jar file [file:/C:/Users/surabhi_natu/.m2/repository/com/netflix/zuul/zuul-core/1.1.0/zuul-core-1.1.0.jar]
14:39:43.003 [main] DEBUG org.springframework.core.io.support.PathMatchingResourcePatternResolver - Looking for matching resources in jar file [file:/C:/Users/surabhi_natu/.m2/repository/com/netflix/netflix-commons/netflix-commons-util/0.1.1/netflix-commons-util-0.1.1.jar]
14:39:43.003 [main] DEBUG org.springframework.core.io.support.PathMatchingResourcePatternResolver - Looking for matching resources in jar file [file:/C:/Users/surabhi_natu/.m2/repository/com/fasterxml/classmate/1.3.1/classmate-1.3.1.jar]
14:39:43.003 [main] DEBUG org.springframework.core.io.support.PathMatchingResourcePatternResolver - Looking for matching resources in jar file [file:/C:/Users/surabhi_natu/.m2/repository/com/fasterxml/jackson/core/jackson-databind/2.8.1/jackson-databind-2.8.1.jar]
14:39:43.005 [main] DEBUG org.springframework.core.io.support.PathMatchingResourcePatternResolver - Looking for matching resources in jar file [file:/C:/Users/surabhi_natu/.m2/repository/com/jayway/jsonpath/json-path/2.2.0/json-path-2.2.0.jar]
14:39:43.006 [main] DEBUG org.springframework.core.io.support.PathMatchingResourcePatternResolver - Looking for matching resources in jar file [file:/C:/Users/surabhi_natu/.m2/repository/com/sun/jersey/jersey-bundle/1.19/jersey-bundle-1.19.jar]
14:39:43.020 [main] DEBUG org.springframework.core.io.support.PathMatchingResourcePatternResolver - Looking for matching resources in jar file [file:/C:/Users/surabhi_natu/.m2/repository/com/sun/jersey/jersey-server/1.19/jersey-server-1.19.jar]
14:39:43.022 [main] DEBUG org.springframework.core.io.support.PathMatchingResourcePatternResolver - Looking for matching resources in jar file [file:/C:/Users/surabhi_natu/.m2/repository/com/sun/jersey/jersey-core/1.19/jersey-core-1.19.jar]
14:39:43.023 [main] DEBUG org.springframework.core.io.support.PathMatchingResourcePatternResolver - Resolved location pattern [classpath*:com/*.class] to resources []
14:39:43.028 [main] DEBUG org.springframework.test.context.junit4.SpringJUnit4ClassRunner - SpringJUnit4ClassRunner constructor called with [class com.example.DemoApplicationTests]
14:39:43.028 [main] DEBUG org.springframework.test.context.BootstrapUtils - Instantiating CacheAwareContextLoaderDelegate from class [org.springframework.test.context.cache.DefaultCacheAwareContextLoaderDelegate]
14:39:43.029 [main] DEBUG org.springframework.test.context.BootstrapUtils - Instantiating BootstrapContext using constructor [public org.springframework.test.context.support.DefaultBootstrapContext(java.lang.Class,org.springframework.test.context.CacheAwareContextLoaderDelegate)]
14:39:43.030 [main] DEBUG org.springframework.test.context.BootstrapUtils - Instantiating TestContextBootstrapper for test class [com.example.DemoApplicationTests] from class [org.springframework.boot.test.context.SpringBootTestContextBootstrapper]
14:39:43.031 [main] INFO org.springframework.boot.test.context.SpringBootTestContextBootstrapper - Neither @ContextConfiguration nor @ContextHierarchy found for test class [com.example.DemoApplicationTests], using SpringBootContextLoader
14:39:43.032 [main] DEBUG org.springframework.test.context.support.AbstractContextLoader - Did not detect default resource location for test class [com.example.DemoApplicationTests]: class path resource [com/example/DemoApplicationTests-context.xml] does not exist
14:39:43.033 [main] DEBUG org.springframework.test.context.support.AbstractContextLoader - Did not detect default resource location for test class [com.example.DemoApplicationTests]: class path resource [com/example/DemoApplicationTestsContext.groovy] does not exist
14:39:43.033 [main] INFO org.springframework.test.context.support.AbstractContextLoader - Could not detect default resource locations for test class [com.example.DemoApplicationTests]: no resource found for suffixes {-context.xml, Context.groovy}.
14:39:43.033 [main] INFO org.springframework.test.context.support.AnnotationConfigContextLoaderUtils - Could not detect default configuration classes for test class [com.example.DemoApplicationTests]: DemoApplicationTests does not declare any static, non-private, non-final, nested classes annotated with @Configuration.
14:39:43.042 [main] DEBUG org.springframework.test.context.support.ActiveProfilesUtils - Could not find an 'annotation declaring class' for annotation type [org.springframework.test.context.ActiveProfiles] and class [com.example.DemoApplicationTests]
14:39:43.045 [main] DEBUG org.springframework.core.env.StandardEnvironment - Adding [systemProperties] PropertySource with lowest search precedence
14:39:43.045 [main] DEBUG org.springframework.core.env.StandardEnvironment - Adding [systemEnvironment] PropertySource with lowest search precedence
14:39:43.046 [main] DEBUG org.springframework.core.env.StandardEnvironment - Initialized StandardEnvironment with PropertySources [systemProperties,systemEnvironment]
14:39:43.047 [main] DEBUG org.springframework.core.io.support.PathMatchingResourcePatternResolver - Resolved classpath location [com/example/] to resources [URL [file:/C:/Users/surabhi_natu/Desktop/MSWS/Product_register/target/test-classes/com/example/]]
14:39:43.047 [main] DEBUG org.springframework.core.io.support.PathMatchingResourcePatternResolver - Looking for matching resources in directory tree [C:\Users\surabhi_natu\Desktop\MSWS\Product_register\target\test-classes\com\example]
14:39:43.048 [main] DEBUG org.springframework.core.io.support.PathMatchingResourcePatternResolver - Searching directory [C:\Users\surabhi_natu\Desktop\MSWS\Product_register\target\test-classes\com\example] for files matching pattern [C:/Users/surabhi_natu/Desktop/MSWS/Product_register/target/test-classes/com/example/*.class]
14:39:43.049 [main] DEBUG org.springframework.core.io.support.PathMatchingResourcePatternResolver - Resolved location pattern [classpath*:com/example/*.class] to resources [file [C:\Users\surabhi_natu\Desktop\MSWS\Product_register\target\test-classes\com\example\DemoApplicationTests.class]]
14:39:43.058 [main] DEBUG org.springframework.core.io.support.PathMatchingResourcePatternResolver - Resolved classpath location [com/] to resources [URL [file:/C:/Users/surabhi_natu/Desktop/MSWS/Product_register/target/test-classes/com/], URL [jar:file:/C:/Users/surabhi_natu/.m2/repository/com/netflix/eureka/eureka-client/1.4.10/eureka-client-1.4.10.jar!/com/], URL [jar:file:/C:/Users/surabhi_natu/.m2/repository/com/netflix/netflix-commons/netflix-eventbus/0.3.0/netflix-eventbus-0.3.0.jar!/com/], URL [jar:file:/C:/Users/surabhi_natu/.m2/repository/com/netflix/archaius/archaius-core/0.7.4/archaius-core-0.7.4.jar!/com/], URL [jar:file:/C:/Users/surabhi_natu/.m2/repository/com/netflix/servo/servo-core/0.10.1/servo-core-0.10.1.jar!/com/], URL [jar:file:/C:/Users/surabhi_natu/.m2/repository/com/netflix/servo/servo-internal/0.10.1/servo-internal-0.10.1.jar!/com/], URL [jar:file:/C:/Users/surabhi_natu/.m2/repository/com/sun/jersey/jersey-client/1.19.1/jersey-client-1.19.1.jar!/com/], URL [jar:file:/C:/Users/surabhi_natu/.m2/repository/com/sun/jersey/contribs/jersey-apache-client4/1.19.1/jersey-apache-client4-1.19.1.jar!/com/], URL [jar:file:/C:/Users/surabhi_natu/.m2/repository/com/google/inject/guice/4.0/guice-4.0.jar!/com/], URL [jar:file:/C:/Users/surabhi_natu/.m2/repository/com/netflix/governator/governator-api/1.12.10/governator-api-1.12.10.jar!/com/], URL [jar:file:/C:/Users/surabhi_natu/.m2/repository/com/fasterxml/jackson/core/jackson-annotations/2.8.1/jackson-annotations-2.8.1.jar!/com/], URL [jar:file:/C:/Users/surabhi_natu/.m2/repository/com/fasterxml/jackson/core/jackson-core/2.8.1/jackson-core-2.8.1.jar!/com/], URL [jar:file:/C:/Users/surabhi_natu/.m2/repository/com/netflix/eureka/eureka-core/1.4.10/eureka-core-1.4.10.jar!/com/], URL [jar:file:/C:/Users/surabhi_natu/.m2/repository/com/amazonaws/aws-java-sdk-core/1.11.18/aws-java-sdk-core-1.11.18.jar!/com/], URL [jar:file:/C:/Users/surabhi_natu/.m2/repository/com/fasterxml/jackson/dataformat/jackson-dataformat-cbor/2.8.1/jackson-dataformat-cbor-2.8.1.jar!/com/], URL [jar:file:/C:/Users/surabhi_natu/.m2/repository/com/amazonaws/aws-java-sdk-ec2/1.11.18/aws-java-sdk-ec2-1.11.18.jar!/com/], URL [jar:file:/C:/Users/surabhi_natu/.m2/repository/com/amazonaws/aws-java-sdk-autoscaling/1.11.18/aws-java-sdk-autoscaling-1.11.18.jar!/com/], URL [jar:file:/C:/Users/surabhi_natu/.m2/repository/com/amazonaws/aws-java-sdk-sts/1.11.18/aws-java-sdk-sts-1.11.18.jar!/com/], URL [jar:file:/C:/Users/surabhi_natu/.m2/repository/com/amazonaws/aws-java-sdk-route53/1.11.18/aws-java-sdk-route53-1.11.18.jar!/com/], URL [jar:file:/C:/Users/surabhi_natu/.m2/repository/com/netflix/governator/governator/1.12.10/governator-1.12.10.jar!/com/], URL [jar:file:/C:/Users/surabhi_natu/.m2/repository/com/netflix/governator/governator-core/1.12.10/governator-core-1.12.10.jar!/com/], URL [jar:file:/C:/Users/surabhi_natu/.m2/repository/org/codehaus/woodstox/woodstox-core-asl/4.4.1/woodstox-core-asl-4.4.1.jar!/com/], URL [jar:file:/C:/Users/surabhi_natu/.m2/repository/com/google/guava/guava/18.0/guava-18.0.jar!/com/], URL [jar:file:/C:/Users/surabhi_natu/.m2/repository/com/netflix/ribbon/ribbon/2.2.0/ribbon-2.2.0.jar!/com/], URL [jar:file:/C:/Users/surabhi_natu/.m2/repository/com/netflix/ribbon/ribbon-transport/2.2.0/ribbon-transport-2.2.0.jar!/com/], URL [jar:file:/C:/Users/surabhi_natu/.m2/repository/io/reactivex/rxnetty-contexts/0.4.9/rxnetty-contexts-0.4.9.jar!/com/], URL [jar:file:/C:/Users/surabhi_natu/.m2/repository/com/netflix/ribbon/ribbon-core/2.2.0/ribbon-core-2.2.0.jar!/com/], URL [jar:file:/C:/Users/surabhi_natu/.m2/repository/com/netflix/ribbon/ribbon-httpclient/2.2.0/ribbon-httpclient-2.2.0.jar!/com/], URL [jar:file:/C:/Users/surabhi_natu/.m2/repository/com/netflix/ribbon/ribbon-loadbalancer/2.2.0/ribbon-loadbalancer-2.2.0.jar!/com/], URL [jar:file:/C:/Users/surabhi_natu/.m2/repository/com/netflix/netflix-commons/netflix-statistics/0.1.1/netflix-statistics-0.1.1.jar!/com/], URL [jar:file:/C:/Users/surabhi_natu/.m2/repository/com/netflix/ribbon/ribbon-eureka/2.2.0/ribbon-eureka-2.2.0.jar!/com/], URL [jar:file:/C:/Users/surabhi_natu/.m2/repository/com/thoughtworks/xstream/xstream/1.4.2/xstream-1.4.2.jar!/com/], URL [jar:file:/C:/Users/surabhi_natu/.m2/repository/com/netflix/hystrix/hystrix-core/1.5.3/hystrix-core-1.5.3.jar!/com/], URL [jar:file:/C:/Users/surabhi_natu/.m2/repository/com/netflix/hystrix/hystrix-metrics-event-stream/1.5.3/hystrix-metrics-event-stream-1.5.3.jar!/com/], URL [jar:file:/C:/Users/surabhi_natu/.m2/repository/com/netflix/hystrix/hystrix-javanica/1.5.3/hystrix-javanica-1.5.3.jar!/com/], URL [jar:file:/C:/Users/surabhi_natu/.m2/repository/com/netflix/zuul/zuul-core/1.1.0/zuul-core-1.1.0.jar!/com/], URL [jar:file:/C:/Users/surabhi_natu/.m2/repository/com/netflix/netflix-commons/netflix-commons-util/0.1.1/netflix-commons-util-0.1.1.jar!/com/], URL [jar:file:/C:/Users/surabhi_natu/.m2/repository/com/fasterxml/classmate/1.3.1/classmate-1.3.1.jar!/com/], URL [jar:file:/C:/Users/surabhi_natu/.m2/repository/com/fasterxml/jackson/core/jackson-databind/2.8.1/jackson-databind-2.8.1.jar!/com/], URL [jar:file:/C:/Users/surabhi_natu/.m2/repository/com/jayway/jsonpath/json-path/2.2.0/json-path-2.2.0.jar!/com/], URL [jar:file:/C:/Users/surabhi_natu/.m2/repository/com/sun/jersey/jersey-bundle/1.19/jersey-bundle-1.19.jar!/com/], URL [jar:file:/C:/Users/surabhi_natu/.m2/repository/com/sun/jersey/jersey-server/1.19/jersey-server-1.19.jar!/com/], URL [jar:file:/C:/Users/surabhi_natu/.m2/repository/com/sun/jersey/jersey-core/1.19/jersey-core-1.19.jar!/com/]]
14:39:43.059 [main] DEBUG org.springframework.core.io.support.PathMatchingResourcePatternResolver - Looking for matching resources in directory tree [C:\Users\surabhi_natu\Desktop\MSWS\Product_register\target\test-classes\com]
14:39:43.059 [main] DEBUG org.springframework.core.io.support.PathMatchingResourcePatternResolver - Searching directory [C:\Users\surabhi_natu\Desktop\MSWS\Product_register\target\test-classes\com] for files matching pattern [C:/Users/surabhi_natu/Desktop/MSWS/Product_register/target/test-classes/com/*.class]
14:39:43.061 [main] DEBUG org.springframework.core.io.support.PathMatchingResourcePatternResolver - Looking for matching resources in jar file [file:/C:/Users/surabhi_natu/.m2/repository/com/netflix/eureka/eureka-client/1.4.10/eureka-client-1.4.10.jar]
14:39:43.063 [main] DEBUG org.springframework.core.io.support.PathMatchingResourcePatternResolver - Looking for matching resources in jar file [file:/C:/Users/surabhi_natu/.m2/repository/com/netflix/netflix-commons/netflix-eventbus/0.3.0/netflix-eventbus-0.3.0.jar]
14:39:43.064 [main] DEBUG org.springframework.core.io.support.PathMatchingResourcePatternResolver - Looking for matching resources in jar file [file:/C:/Users/surabhi_natu/.m2/repository/com/netflix/archaius/archaius-core/0.7.4/archaius-core-0.7.4.jar]
14:39:43.065 [main] DEBUG org.springframework.core.io.support.PathMatchingResourcePatternResolver - Looking for matching resources in jar file [file:/C:/Users/surabhi_natu/.m2/repository/com/netflix/servo/servo-core/0.10.1/servo-core-0.10.1.jar]
14:39:43.070 [main] DEBUG org.springframework.core.io.support.PathMatchingResourcePatternResolver - Looking for matching resources in jar file [file:/C:/Users/surabhi_natu/.m2/repository/com/netflix/servo/servo-internal/0.10.1/servo-internal-0.10.1.jar]
14:39:43.071 [main] DEBUG org.springframework.core.io.support.PathMatchingResourcePatternResolver - Looking for matching resources in jar file [file:/C:/Users/surabhi_natu/.m2/repository/com/sun/jersey/jersey-client/1.19.1/jersey-client-1.19.1.jar]
14:39:43.072 [main] DEBUG org.springframework.core.io.support.PathMatchingResourcePatternResolver - Looking for matching resources in jar file [file:/C:/Users/surabhi_natu/.m2/repository/com/sun/jersey/contribs/jersey-apache-client4/1.19.1/jersey-apache-client4-1.19.1.jar]
14:39:43.073 [main] DEBUG org.springframework.core.io.support.PathMatchingResourcePatternResolver - Looking for matching resources in jar file [file:/C:/Users/surabhi_natu/.m2/repository/com/google/inject/guice/4.0/guice-4.0.jar]
14:39:43.075 [main] DEBUG org.springframework.core.io.support.PathMatchingResourcePatternResolver - Looking for matching resources in jar file [file:/C:/Users/surabhi_natu/.m2/repository/com/netflix/governator/governator-api/1.12.10/governator-api-1.12.10.jar]
14:39:43.075 [main] DEBUG org.springframework.core.io.support.PathMatchingResourcePatternResolver - Looking for matching resources in jar file [file:/C:/Users/surabhi_natu/.m2/repository/com/fasterxml/jackson/core/jackson-annotations/2.8.1/jackson-annotations-2.8.1.jar]
14:39:43.076 [main] DEBUG org.springframework.core.io.support.PathMatchingResourcePatternResolver - Looking for matching resources in jar file [file:/C:/Users/surabhi_natu/.m2/repository/com/fasterxml/jackson/core/jackson-core/2.8.1/jackson-core-2.8.1.jar]
14:39:43.085 [main] DEBUG org.springframework.core.io.support.PathMatchingResourcePatternResolver - Looking for matching resources in jar file [file:/C:/Users/surabhi_natu/.m2/repository/com/netflix/eureka/eureka-core/1.4.10/eureka-core-1.4.10.jar]
14:39:43.086 [main] DEBUG org.springframework.core.io.support.PathMatchingResourcePatternResolver - Looking for matching resources in jar file [file:/C:/Users/surabhi_natu/.m2/repository/com/amazonaws/aws-java-sdk-core/1.11.18/aws-java-sdk-core-1.11.18.jar]
14:39:43.089 [main] DEBUG org.springframework.core.io.support.PathMatchingResourcePatternResolver - Looking for matching resources in jar file [file:/C:/Users/surabhi_natu/.m2/repository/com/fasterxml/jackson/dataformat/jackson-dataformat-cbor/2.8.1/jackson-dataformat-cbor-2.8.1.jar]
14:39:43.090 [main] DEBUG org.springframework.core.io.support.PathMatchingResourcePatternResolver - Looking for matching resources in jar file [file:/C:/Users/surabhi_natu/.m2/repository/com/amazonaws/aws-java-sdk-ec2/1.11.18/aws-java-sdk-ec2-1.11.18.jar]
14:39:43.099 [main] DEBUG org.springframework.core.io.support.PathMatchingResourcePatternResolver - Looking for matching resources in jar file [file:/C:/Users/surabhi_natu/.m2/repository/com/amazonaws/aws-java-sdk-autoscaling/1.11.18/aws-java-sdk-autoscaling-1.11.18.jar]
14:39:43.101 [main] DEBUG org.springframework.core.io.support.PathMatchingResourcePatternResolver - Looking for matching resources in jar file [file:/C:/Users/surabhi_natu/.m2/repository/com/amazonaws/aws-java-sdk-sts/1.11.18/aws-java-sdk-sts-1.11.18.jar]
14:39:43.101 [main] DEBUG org.springframework.core.io.support.PathMatchingResourcePatternResolver - Looking for matching resources in jar file [file:/C:/Users/surabhi_natu/.m2/repository/com/amazonaws/aws-java-sdk-route53/1.11.18/aws-java-sdk-route53-1.11.18.jar]
14:39:43.103 [main] DEBUG org.springframework.core.io.support.PathMatchingResourcePatternResolver - Looking for matching resources in jar file [file:/C:/Users/surabhi_natu/.m2/repository/com/netflix/governator/governator/1.12.10/governator-1.12.10.jar]
14:39:43.104 [main] DEBUG org.springframework.core.io.support.PathMatchingResourcePatternResolver - Looking for matching resources in jar file [file:/C:/Users/surabhi_natu/.m2/repository/com/netflix/governator/governator-core/1.12.10/governator-core-1.12.10.jar]
14:39:43.105 [main] DEBUG org.springframework.core.io.support.PathMatchingResourcePatternResolver - Looking for matching resources in jar file [file:/C:/Users/surabhi_natu/.m2/repository/org/codehaus/woodstox/woodstox-core-asl/4.4.1/woodstox-core-asl-4.4.1.jar]
14:39:43.106 [main] DEBUG org.springframework.core.io.support.PathMatchingResourcePatternResolver - Looking for matching resources in jar file [file:/C:/Users/surabhi_natu/.m2/repository/com/google/guava/guava/18.0/guava-18.0.jar]
14:39:43.109 [main] DEBUG org.springframework.core.io.support.PathMatchingResourcePatternResolver - Looking for matching resources in jar file [file:/C:/Users/surabhi_natu/.m2/repository/com/netflix/ribbon/ribbon/2.2.0/ribbon-2.2.0.jar]
14:39:43.110 [main] DEBUG org.springframework.core.io.support.PathMatchingResourcePatternResolver - Looking for matching resources in jar file [file:/C:/Users/surabhi_natu/.m2/repository/com/netflix/ribbon/ribbon-transport/2.2.0/ribbon-transport-2.2.0.jar]
14:39:43.110 [main] DEBUG org.springframework.core.io.support.PathMatchingResourcePatternResolver - Looking for matching resources in jar file [file:/C:/Users/surabhi_natu/.m2/repository/io/reactivex/rxnetty-contexts/0.4.9/rxnetty-contexts-0.4.9.jar]
14:39:43.110 [main] DEBUG org.springframework.core.io.support.PathMatchingResourcePatternResolver - Looking for matching resources in jar file [file:/C:/Users/surabhi_natu/.m2/repository/com/netflix/ribbon/ribbon-core/2.2.0/ribbon-core-2.2.0.jar]
14:39:43.111 [main] DEBUG org.springframework.core.io.support.PathMatchingResourcePatternResolver - Looking for matching resources in jar file [file:/C:/Users/surabhi_natu/.m2/repository/com/netflix/ribbon/ribbon-httpclient/2.2.0/ribbon-httpclient-2.2.0.jar]
14:39:43.111 [main] DEBUG org.springframework.core.io.support.PathMatchingResourcePatternResolver - Looking for matching resources in jar file [file:/C:/Users/surabhi_natu/.m2/repository/com/netflix/ribbon/ribbon-loadbalancer/2.2.0/ribbon-loadbalancer-2.2.0.jar]
14:39:43.112 [main] DEBUG org.springframework.core.io.support.PathMatchingResourcePatternResolver - Looking for matching resources in jar file [file:/C:/Users/surabhi_natu/.m2/repository/com/netflix/netflix-commons/netflix-statistics/0.1.1/netflix-statistics-0.1.1.jar]
14:39:43.112 [main] DEBUG org.springframework.core.io.support.PathMatchingResourcePatternResolver - Looking for matching resources in jar file [file:/C:/Users/surabhi_natu/.m2/repository/com/netflix/ribbon/ribbon-eureka/2.2.0/ribbon-eureka-2.2.0.jar]
14:39:43.112 [main] DEBUG org.springframework.core.io.support.PathMatchingResourcePatternResolver - Looking for matching resources in jar file [file:/C:/Users/surabhi_natu/.m2/repository/com/thoughtworks/xstream/xstream/1.4.2/xstream-1.4.2.jar]
14:39:43.113 [main] DEBUG org.springframework.core.io.support.PathMatchingResourcePatternResolver - Looking for matching resources in jar file [file:/C:/Users/surabhi_natu/.m2/repository/com/netflix/hystrix/hystrix-core/1.5.3/hystrix-core-1.5.3.jar]
14:39:43.115 [main] DEBUG org.springframework.core.io.support.PathMatchingResourcePatternResolver - Looking for matching resources in jar file [file:/C:/Users/surabhi_natu/.m2/repository/com/netflix/hystrix/hystrix-metrics-event-stream/1.5.3/hystrix-metrics-event-stream-1.5.3.jar]
14:39:43.115 [main] DEBUG org.springframework.core.io.support.PathMatchingResourcePatternResolver - Looking for matching resources in jar file [file:/C:/Users/surabhi_natu/.m2/repository/com/netflix/hystrix/hystrix-javanica/1.5.3/hystrix-javanica-1.5.3.jar]
14:39:43.115 [main] DEBUG org.springframework.core.io.support.PathMatchingResourcePatternResolver - Looking for matching resources in jar file [file:/C:/Users/surabhi_natu/.m2/repository/com/netflix/zuul/zuul-core/1.1.0/zuul-core-1.1.0.jar]
14:39:43.117 [main] DEBUG org.springframework.core.io.support.PathMatchingResourcePatternResolver - Looking for matching resources in jar file [file:/C:/Users/surabhi_natu/.m2/repository/com/netflix/netflix-commons/netflix-commons-util/0.1.1/netflix-commons-util-0.1.1.jar]
14:39:43.117 [main] DEBUG org.springframework.core.io.support.PathMatchingResourcePatternResolver - Looking for matching resources in jar file [file:/C:/Users/surabhi_natu/.m2/repository/com/fasterxml/classmate/1.3.1/classmate-1.3.1.jar]
14:39:43.117 [main] DEBUG org.springframework.core.io.support.PathMatchingResourcePatternResolver - Looking for matching resources in jar file [file:/C:/Users/surabhi_natu/.m2/repository/com/fasterxml/jackson/core/jackson-databind/2.8.1/jackson-databind-2.8.1.jar]
14:39:43.119 [main] DEBUG org.springframework.core.io.support.PathMatchingResourcePatternResolver - Looking for matching resources in jar file [file:/C:/Users/surabhi_natu/.m2/repository/com/jayway/jsonpath/json-path/2.2.0/json-path-2.2.0.jar]
14:39:43.119 [main] DEBUG org.springframework.core.io.support.PathMatchingResourcePatternResolver - Looking for matching resources in jar file [file:/C:/Users/surabhi_natu/.m2/repository/com/sun/jersey/jersey-bundle/1.19/jersey-bundle-1.19.jar]
14:39:43.122 [main] DEBUG org.springframework.core.io.support.PathMatchingResourcePatternResolver - Looking for matching resources in jar file [file:/C:/Users/surabhi_natu/.m2/repository/com/sun/jersey/jersey-server/1.19/jersey-server-1.19.jar]
14:39:43.124 [main] DEBUG org.springframework.core.io.support.PathMatchingResourcePatternResolver - Looking for matching resources in jar file [file:/C:/Users/surabhi_natu/.m2/repository/com/sun/jersey/jersey-core/1.19/jersey-core-1.19.jar]
14:39:43.125 [main] DEBUG org.springframework.core.io.support.PathMatchingResourcePatternResolver - Resolved location pattern [classpath*:com/*.class] to resources []
]]></system-out>
  </testcase>
</testsuite>